Using pre-set license
Built from '2020.3/staging' branch; Version is '2020.3.4f1 (0abb6314276a) revision 703331'; Using compiler version '192528614'; Build Type 'Release'
OS: 'Windows 10 Home; OS build 19041.985; Version 2004; 64bit' Language: 'en' Physical Memory: 16268 MB
BatchMode: 1, IsHumanControllingUs: 0, StartBugReporterOnCrash: 0, Is64bit: 1, IsPro: 0

 COMMAND LINE ARGUMENTS:
C:\Program Files\Unity\Hub\Editor\2020.3.4f1\Editor\Unity.exe
-adb2
-batchMode
-noUpm
-name
AssetImportWorker0
-projectPath
C:/Repos/GameJam/CM_Breaker
-logFile
Logs/AssetImportWorker0.log
-srvPort
60664
Successfully changed project path to: C:/Repos/GameJam/CM_Breaker
C:/Repos/GameJam/CM_Breaker
Using Asset Import Pipeline V2.
Refreshing native plugins compatible for Editor in 39.62 ms, found 1 plugins.
Preloading 0 native plugins for Editor in 0.00 ms.
Initialize engine version: 2020.3.4f1 (0abb6314276a)
[Subsystems] Discovering subsystems at path C:/Program Files/Unity/Hub/Editor/2020.3.4f1/Editor/Data/Resources/UnitySubsystems
[Subsystems] Discovering subsystems at path C:/Repos/GameJam/CM_Breaker/Assets
GfxDevice: creating device client; threaded=0
Direct3D:
    Version:  Direct3D 11.0 [level 11.1]
    Renderer: NVIDIA GeForce GTX 1050 (ID=0x1c8d)
    Vendor:   
    VRAM:     1979 MB
    Driver:   26.21.14.4614
Initialize mono
Mono path[0] = 'C:/Program Files/Unity/Hub/Editor/2020.3.4f1/Editor/Data/Managed'
Mono path[1] = 'C:/Program Files/Unity/Hub/Editor/2020.3.4f1/Editor/Data/MonoBleedingEdge/lib/mono/unityjit'
Mono config path = 'C:/Program Files/Unity/Hub/Editor/2020.3.4f1/Editor/Data/MonoBleedingEdge/etc'
Using monoOptions --debugger-agent=transport=dt_socket,embedding=1,server=y,suspend=n,address=127.0.0.1:56860
Begin MonoManager ReloadAssembly
Registering precompiled unity dll's ...
Register platform support module: C:/Program Files/Unity/Hub/Editor/2020.3.4f1/Editor/Data/PlaybackEngines/WindowsStandaloneSupport/UnityEditor.WindowsStandalone.Extensions.dll
Registered in 0.002182 seconds.
Native extension for WindowsStandalone target not found
Refreshing native plugins compatible for Editor in 40.88 ms, found 1 plugins.
Preloading 0 native plugins for Editor in 0.00 ms.
Mono: successfully reloaded assembly
- Completed reload, in  1.218 seconds
Platform modules already initialized, skipping
Registering precompiled user dll's ...
Registered in 0.001196 seconds.
Begin MonoManager ReloadAssembly
Native extension for WindowsStandalone target not found
Refreshing native plugins compatible for Editor in 39.16 ms, found 1 plugins.
Preloading 0 native plugins for Editor in 0.00 ms.
Mono: successfully reloaded assembly
- Completed reload, in  0.969 seconds
Platform modules already initialized, skipping
========================================================================
Worker process is ready to serve import requests
Launched and connected shader compiler UnityShaderCompiler.exe after 0.05 seconds
Refreshing native plugins compatible for Editor in 0.65 ms, found 1 plugins.
Preloading 0 native plugins for Editor in 0.00 ms.
Unloading 1808 Unused Serialized files (Serialized files now loaded: 0)
System memory in use before: 84.8 MB.
System memory in use after: 84.8 MB.

Unloading 24 unused Assets to reduce memory usage. Loaded Objects now: 2250.
Total: 3.236900 ms (FindLiveObjects: 0.327000 ms CreateObjectMapping: 0.234900 ms MarkObjects: 2.483000 ms  DeleteObjects: 0.190600 ms)

========================================================================
Received Import Request.
  path: Assets/Scenes
  artifactKey: Guid(be906f34ff7143e489e404b88ce31b1f) Importer(815301076,1909f56bfc062723c751e8b465ee728b)
Start importing Assets/Scenes using Guid(be906f34ff7143e489e404b88ce31b1f) Importer(815301076,1909f56bfc062723c751e8b465ee728b)  -> (artifact id: 'd29310b227edf336afc5478822826a0c') in 0.011783 seconds
  Import took 0.014708 seconds .

========================================================================
Received Import Request.
  Time since last request: 26.801287 seconds.
  path: Assets/Scenes/Jeremy's Scene
  artifactKey: Guid(d144ec4df28ef884481b4b3a5b00e60e) Importer(815301076,1909f56bfc062723c751e8b465ee728b)
Start importing Assets/Scenes/Jeremy's Scene using Guid(d144ec4df28ef884481b4b3a5b00e60e) Importer(815301076,1909f56bfc062723c751e8b465ee728b)  -> (artifact id: '4c6753bddcf8dc889ff94b12764d889b') in 0.010486 seconds
  Import took 0.014315 seconds .

========================================================================
Received Import Request.
  Time since last request: 27.900960 seconds.
  path: Assets/Scenes/Jeremy's Scene.unity
  artifactKey: Guid(f43f412587a8d834ca0ef1fcbfa619f5) Importer(815301076,1909f56bfc062723c751e8b465ee728b)
Start importing Assets/Scenes/Jeremy's Scene.unity using Guid(f43f412587a8d834ca0ef1fcbfa619f5) Importer(815301076,1909f56bfc062723c751e8b465ee728b)  -> (artifact id: '2286c036f57f943ad6db027547c7945b') in 0.020259 seconds
  Import took 0.023678 seconds .

========================================================================
Received Import Request.
  Time since last request: 4.669849 seconds.
  path: Assets/Scenes/SampleScene.unity
  artifactKey: Guid(2cda990e2423bbf4892e6590ba056729) Importer(815301076,1909f56bfc062723c751e8b465ee728b)
Start importing Assets/Scenes/SampleScene.unity using Guid(2cda990e2423bbf4892e6590ba056729) Importer(815301076,1909f56bfc062723c751e8b465ee728b)  -> (artifact id: '55d65d5fff917f2d1ced4e7ecabd3689') in 0.010050 seconds
  Import took 0.013683 seconds .

========================================================================
Received Import Request.
  Time since last request: 89.553572 seconds.
  path: Assets/NewBehaviourScript.cs
  artifactKey: Guid(2e75cd0530276f84fb204ef5bc6b3851) Importer(815301076,1909f56bfc062723c751e8b465ee728b)
Start importing Assets/NewBehaviourScript.cs using Guid(2e75cd0530276f84fb204ef5bc6b3851) Importer(815301076,1909f56bfc062723c751e8b465ee728b)  -> (artifact id: 'b6d539052c555130d0e7fd85f8fa2c4e') in 0.054127 seconds
  Import took 0.057467 seconds .

========================================================================
Received Prepare
Registering precompiled user dll's ...
Registered in 0.001639 seconds.
Begin MonoManager ReloadAssembly
Native extension for WindowsStandalone target not found
Refreshing native plugins compatible for Editor in 0.35 ms, found 1 plugins.
Preloading 0 native plugins for Editor in 0.00 ms.
Mono: successfully reloaded assembly
- Completed reload, in  0.892 seconds
Platform modules already initialized, skipping
Refreshing native plugins compatible for Editor in 0.33 ms, found 1 plugins.
Preloading 0 native plugins for Editor in 0.00 ms.
Unloading 1803 Unused Serialized files (Serialized files now loaded: 0)
System memory in use before: 84.8 MB.
System memory in use after: 84.8 MB.

Unloading 12 unused Assets to reduce memory usage. Loaded Objects now: 2254.
Total: 2.566300 ms (FindLiveObjects: 0.403700 ms CreateObjectMapping: 0.092000 ms MarkObjects: 1.913200 ms  DeleteObjects: 0.156300 ms)

========================================================================
Received Import Request.
  Time since last request: 16.111070 seconds.
  path: Assets/Scene
  artifactKey: Guid(5b048308f0343f3488eb1b727831b055) Importer(815301076,1909f56bfc062723c751e8b465ee728b)
Start importing Assets/Scene using Guid(5b048308f0343f3488eb1b727831b055) Importer(815301076,1909f56bfc062723c751e8b465ee728b)  -> (artifact id: 'a2360f1f008deac7b9bba46b240a2396') in 0.011367 seconds
  Import took 0.014489 seconds .

========================================================================
Received Import Request.
  Time since last request: 0.002133 seconds.
  path: Assets/Scene
  artifactKey: Guid(5b048308f0343f3488eb1b727831b055) Importer(815301076,1909f56bfc062723c751e8b465ee728b)
Start importing Assets/Scene using Guid(5b048308f0343f3488eb1b727831b055) Importer(815301076,1909f56bfc062723c751e8b465ee728b)  -> (artifact id: 'a2360f1f008deac7b9bba46b240a2396') in 0.002508 seconds
  Import took 0.005902 seconds .

========================================================================
Received Import Request.
  Time since last request: 0.992271 seconds.
  path: Assets
  artifactKey: Guid(00000000000000001000000000000000) Importer(815301076,1909f56bfc062723c751e8b465ee728b)
Start importing Assets using Guid(00000000000000001000000000000000) Importer(815301076,1909f56bfc062723c751e8b465ee728b)  -> (artifact id: '025e4f587c23674256bb898581e82961') in 0.009862 seconds
  Import took 0.013662 seconds .

========================================================================
Received Import Request.
  Time since last request: 20.560139 seconds.
  path: Assets/Scripts
  artifactKey: Guid(4c08d4a429eca6d4fb2435970be2177d) Importer(815301076,1909f56bfc062723c751e8b465ee728b)
Start importing Assets/Scripts using Guid(4c08d4a429eca6d4fb2435970be2177d) Importer(815301076,1909f56bfc062723c751e8b465ee728b)  -> (artifact id: 'bd0b7ab0f6898840d9ee36fed2200632') in 0.010157 seconds
  Import took 0.013777 seconds .

========================================================================
Received Import Request.
  Time since last request: 49.344269 seconds.
  path: Assets/Sprites
  artifactKey: Guid(5b048308f0343f3488eb1b727831b055) Importer(815301076,1909f56bfc062723c751e8b465ee728b)
Start importing Assets/Sprites using Guid(5b048308f0343f3488eb1b727831b055) Importer(815301076,1909f56bfc062723c751e8b465ee728b)  -> (artifact id: '3410e08e02fc8491b44857ca14a6894c') in 0.010166 seconds
  Import took 0.013850 seconds .

========================================================================
Received Import Request.
  Time since last request: 11.392995 seconds.
  path: Assets/New Folder
  artifactKey: Guid(082961647e3676244a96fc569718b4df) Importer(815301076,1909f56bfc062723c751e8b465ee728b)
Start importing Assets/New Folder using Guid(082961647e3676244a96fc569718b4df) Importer(815301076,1909f56bfc062723c751e8b465ee728b)  -> (artifact id: '0eac6913af7aa253945c837c6f72eec6') in 0.010280 seconds
  Import took 0.013648 seconds .

========================================================================
Received Import Request.
  Time since last request: 5.530873 seconds.
  path: Assets/Prefabs
  artifactKey: Guid(082961647e3676244a96fc569718b4df) Importer(815301076,1909f56bfc062723c751e8b465ee728b)
Start importing Assets/Prefabs using Guid(082961647e3676244a96fc569718b4df) Importer(815301076,1909f56bfc062723c751e8b465ee728b)  -> (artifact id: '55546bba0f5f94d4694df020686e6ec1') in 0.009904 seconds
  Import took 0.013059 seconds .

========================================================================
Received Import Request.
  Time since last request: 468.876224 seconds.
  path: Assets/Sprites/CM-2020-symbol-RGB.png
  artifactKey: Guid(36a1e28734bc49144854209ba55ba27c) Importer(815301076,1909f56bfc062723c751e8b465ee728b)
Start importing Assets/Sprites/CM-2020-symbol-RGB.png using Guid(36a1e28734bc49144854209ba55ba27c) Importer(815301076,1909f56bfc062723c751e8b465ee728b)  -> (artifact id: '92cb796a7c891002523cda73c25aeda9') in 0.151141 seconds
  Import took 0.155313 seconds .

========================================================================
Received Prepare
Registering precompiled user dll's ...
Registered in 0.001066 seconds.
Begin MonoManager ReloadAssembly
Native extension for WindowsStandalone target not found
Refreshing native plugins compatible for Editor in 0.69 ms, found 1 plugins.
Preloading 0 native plugins for Editor in 0.00 ms.
Mono: successfully reloaded assembly
- Completed reload, in  0.944 seconds
Platform modules already initialized, skipping
Refreshing native plugins compatible for Editor in 0.49 ms, found 1 plugins.
Preloading 0 native plugins for Editor in 0.00 ms.
Unloading 1803 Unused Serialized files (Serialized files now loaded: 0)
System memory in use before: 87.9 MB.
System memory in use after: 87.9 MB.

Unloading 12 unused Assets to reduce memory usage. Loaded Objects now: 2264.
Total: 2.278100 ms (FindLiveObjects: 0.172900 ms CreateObjectMapping: 0.064400 ms MarkObjects: 1.876600 ms  DeleteObjects: 0.163300 ms)

========================================================================
Received Import Request.
  Time since last request: 448.302995 seconds.
  path: Assets/Sprites/CM-2020-symbol-RGB 1.png
  artifactKey: Guid(cb51207769c2dee4a98f3b702560ff1b) Importer(815301076,1909f56bfc062723c751e8b465ee728b)
Start importing Assets/Sprites/CM-2020-symbol-RGB 1.png using Guid(cb51207769c2dee4a98f3b702560ff1b) Importer(815301076,1909f56bfc062723c751e8b465ee728b)  -> (artifact id: '2f93b230753b7ea0e59121cc8ecdf85e') in 0.075097 seconds
  Import took 0.078341 seconds .

========================================================================
Received Import Request.
  Time since last request: 14.753180 seconds.
  path: Assets/Sprites/CM-2020-symbol-RGB.png
  artifactKey: Guid(cb51207769c2dee4a98f3b702560ff1b) Importer(815301076,1909f56bfc062723c751e8b465ee728b)
Start importing Assets/Sprites/CM-2020-symbol-RGB.png using Guid(cb51207769c2dee4a98f3b702560ff1b) Importer(815301076,1909f56bfc062723c751e8b465ee728b)  -> (artifact id: 'a2c29c5996d74b64dbb96d35d610c49d') in 0.014140 seconds
  Import took 0.018120 seconds .

========================================================================
Received Import Request.
  Time since last request: 48.954305 seconds.
  path: Assets/Scenes/MainMenu.unity
  artifactKey: Guid(bd2f315271af8e342be7244564bc8939) Importer(815301076,1909f56bfc062723c751e8b465ee728b)
Start importing Assets/Scenes/MainMenu.unity using Guid(bd2f315271af8e342be7244564bc8939) Importer(815301076,1909f56bfc062723c751e8b465ee728b)  -> (artifact id: '69880529709e6871baaa6cf1399f522a') in 0.011444 seconds
  Import took 0.016186 seconds .

========================================================================
Received Import Request.
  Time since last request: 15.244431 seconds.
  path: Assets/Scenes/GameScene.unity
  artifactKey: Guid(a5f101b11e6773c46b2b5c4fb589763d) Importer(815301076,1909f56bfc062723c751e8b465ee728b)
Start importing Assets/Scenes/GameScene.unity using Guid(a5f101b11e6773c46b2b5c4fb589763d) Importer(815301076,1909f56bfc062723c751e8b465ee728b)  -> (artifact id: '4409244bb3dda2fb31ebc30608f939ca') in 0.009884 seconds
  Import took 0.014219 seconds .

========================================================================
Received Import Request.
  Time since last request: 14.544063 seconds.
  path: Assets/Scenes/Jeremy's Scene.unity
  artifactKey: Guid(f43f412587a8d834ca0ef1fcbfa619f5) Importer(815301076,1909f56bfc062723c751e8b465ee728b)
Start importing Assets/Scenes/Jeremy's Scene.unity using Guid(f43f412587a8d834ca0ef1fcbfa619f5) Importer(815301076,1909f56bfc062723c751e8b465ee728b)  -> (artifact id: '7a837d67e6ba84e1f5a45b39cd3dc320') in 0.003582 seconds
  Import took 0.009522 seconds .

AssetImportWorkerClient::OnTransportError - code=2 error=End of file
